<?xml version="1.0" encoding="UTF-8"?>
<!-- Generated by org.testng.reporters.JUnitReportReporter -->
<testsuite hostname="Izhar" failures="0" tests="1" name="testcase01.Testcase1" time="2.104" errors="0" timestamp="2025-05-31T10:46:50 IST" skipped="0">
  <testcase classname="testcase01.Testcase1" name="actualtest" time="2.104"/>
</testsuite> <!-- testcase01.Testcase1 -->
