<?xml version="1.0" encoding="UTF-8"?>
<!-- Generated by org.testng.reporters.JUnitReportReporter -->
<testsuite hostname="Izhar" failures="0" tests="1" name="testcase01.TestCaseLoginpage" time="1.668" errors="0" timestamp="2025-05-31T10:46:50 IST" skipped="0">
  <testcase classname="testcase01.TestCaseLoginpage" name="actualtest" time="1.668"/>
</testsuite> <!-- testcase01.TestCaseLoginpage -->
